<?xml version="1.0" encoding="UTF-8"?>
<!-- Generated by org.testng.reporters.JUnitReportReporter -->
<testsuite skipped="0" hostname="DESKTOP-7G9PI54" name="com.edureka.test.TrendingCourses" tests="1" failures="0" timestamp="05 Jul 2020 09:18:03 GMT" time="42.000" errors="0">
  <testcase name="validateTile" time="42.000" classname="com.edureka.test.TrendingCourses"/>
</testsuite> <!-- com.edureka.test.TrendingCourses -->
