<?xml version="1.0" encoding="UTF-8"?>
<!-- Generated by org.testng.reporters.JUnitReportReporter -->
<testsuite skipped="0" hostname="DESKTOP-7G9PI54" name="com.edureka.test.Home" tests="2" failures="0" timestamp="05 Jul 2020 09:18:03 GMT" time="51.156" errors="0">
  <testcase name="login" time="28.711" classname="com.edureka.test.Home"/>
  <testcase name="loginOverloadedMethod" time="22.445" classname="com.edureka.test.Home"/>
</testsuite> <!-- com.edureka.test.Home -->
